  TreeList.cpp
C:\Users\Lenovo\source\repos\Huffman\Huffman\TreeList.cpp(124,70): warning C4244: аргумент: преобразование "double" в "int", возможна потеря данных
C:\Users\Lenovo\source\repos\Huffman\Huffman\TreeList.cpp(125,72): warning C4244: аргумент: преобразование "double" в "int", возможна потеря данных
C:\Users\Lenovo\source\repos\Huffman\Huffman\TreeList.cpp(129,53): warning C4244: аргумент: преобразование "int" в "T", возможна потеря данных
          with
          [
              T=float
          ]
C:\Users\Lenovo\source\repos\Huffman\Huffman\TreeList.cpp(129,38): warning C4244: аргумент: преобразование "int" в "T", возможна потеря данных
          with
          [
              T=float
          ]
C:\Users\Lenovo\source\repos\Huffman\Huffman\TreeList.cpp(136,48): warning C4244: аргумент: преобразование "int" в "T", возможна потеря данных
          with
          [
              T=float
          ]
C:\Users\Lenovo\source\repos\Huffman\Huffman\TreeList.cpp(136,36): warning C4244: аргумент: преобразование "int" в "T", возможна потеря данных
          with
          [
              T=float
          ]
C:\Users\Lenovo\source\repos\Huffman\Huffman\TreeList.cpp(142,48): warning C4244: аргумент: преобразование "int" в "T", возможна потеря данных
          with
          [
              T=float
          ]
C:\Users\Lenovo\source\repos\Huffman\Huffman\TreeList.cpp(142,36): warning C4244: аргумент: преобразование "int" в "T", возможна потеря данных
          with
          [
              T=float
          ]
C:\Users\Lenovo\source\repos\Huffman\Huffman\TreeList.cpp(148,48): warning C4244: аргумент: преобразование "int" в "T", возможна потеря данных
          with
          [
              T=float
          ]
C:\Users\Lenovo\source\repos\Huffman\Huffman\TreeList.cpp(148,36): warning C4244: аргумент: преобразование "int" в "T", возможна потеря данных
          with
          [
              T=float
          ]
C:\Users\Lenovo\source\repos\Huffman\Huffman\TreeList.cpp(165,35): warning C4244: аргумент: преобразование "int" в "T", возможна потеря данных
          with
          [
              T=float
          ]
C:\Users\Lenovo\source\repos\Huffman\Huffman\TreeList.cpp(168,35): warning C4244: аргумент: преобразование "int" в "T", возможна потеря данных
          with
          [
              T=float
          ]
C:\Users\Lenovo\source\repos\Huffman\Huffman\TreeList.cpp(172,35): warning C4244: аргумент: преобразование "int" в "T", возможна потеря данных
          with
          [
              T=float
          ]
  Huffman.vcxproj -> C:\Users\Lenovo\source\repos\Huffman\x64\Debug\Huffman.exe
